{"D:\\VLU\\Hoc_IT_VLU\\Nam4\\DEMO\\Git_Actions\\learn_Git_Actions_CI_CD\\learn-github-actions\\function.js": {"path":"D:\\VLU\\Hoc_IT_VLU\\Nam4\\DEMO\\Git_Actions\\learn_Git_Actions_CI_CD\\learn-github-actions\\function.js","statementMap":{"0":{"start":{"line":2,"column":4},"end":{"line":2,"column":22}},"1":{"start":{"line":3,"column":4},"end":{"line":3,"column":22}},"2":{"start":{"line":4,"column":4},"end":{"line":4,"column":14}},"3":{"start":{"line":5,"column":4},"end":{"line":7,"column":5}},"4":{"start":{"line":6,"column":8},"end":{"line":6,"column":49}},"5":{"start":{"line":8,"column":4},"end":{"line":8,"column":13}},"6":{"start":{"line":12,"column":4},"end":{"line":12,"column":17}},"7":{"start":{"line":15,"column":0},"end":{"line":15,"column":18}},"8":{"start":{"line":16,"column":0},"end":{"line":16,"column":22}}},"fnMap":{"0":{"name":"add","decl":{"start":{"line":1,"column":9},"end":{"line":1,"column":12}},"loc":{"start":{"line":1,"column":19},"end":{"line":9,"column":1}},"line":1},"1":{"name":"minus","decl":{"start":{"line":11,"column":9},"end":{"line":11,"column":14}},"loc":{"start":{"line":11,"column":21},"end":{"line":13,"column":1}},"line":11}},"branchMap":{"0":{"loc":{"start":{"line":5,"column":4},"end":{"line":7,"column":5}},"type":"if","locations":[{"start":{"line":5,"column":4},"end":{"line":7,"column":5}},{"start":{},"end":{}}],"line":5}},"s":{"0":4,"1":4,"2":4,"3":4,"4":2,"5":2,"6":2,"7":1,"8":1},"f":{"0":4,"1":2},"b":{"0":[2,2]},"_coverageSchema":"1a1c01bbd47fc00a2c39e90264f33305004495a9","hash":"e7364b457898731bcbdaccbc3a9ea6170ef2ba28"}
}
